[04:54:52] [main/INFO]: Environment: authHost='https://authserver.mojang.com', accountsHost='https://api.mojang.com', sessionHost='https://sessionserver.mojang.com', servicesHost='https://api.minecraftservices.com', name='PROD'
[04:54:52] [main/INFO]: Reloading ResourceManager: Default, bukkit
[04:54:53] [Worker-Main-1/INFO]: Loaded 7 recipes
[04:54:54] [Server thread/INFO]: Starting minecraft server version 1.16.5
[04:54:54] [Server thread/INFO]: Loading properties
[04:54:54] [Server thread/INFO]: This server is running Paper version git-Paper-794 (MC: 1.16.5) (Implementing API version 1.16.5-R0.1-SNAPSHOT)
[04:54:54] [Server thread/INFO]: Debug logging is disabled
[04:54:54] [Server thread/INFO]: Using 4 threads for Netty based IO
[04:54:54] [Server thread/INFO]: Server Ping Player Sample Count: 12
[04:54:54] [Server thread/INFO]: Default game type: SURVIVAL
[04:54:54] [Server thread/INFO]: Generating keypair
[04:54:54] [Server thread/INFO]: Starting Minecraft server on *:25565
[04:54:54] [Server thread/INFO]: Using epoll channel type
[04:54:54] [Server thread/INFO]: Server permissions file permissions.yml is empty, ignoring it
[04:54:54] [Server thread/WARN]: **** SERVER IS RUNNING IN OFFLINE/INSECURE MODE!
[04:54:54] [Server thread/WARN]: The server will make no attempt to authenticate usernames. Beware.
[04:54:54] [Server thread/WARN]: While this makes the game possible to play without internet access, it also opens up the ability for hackers to connect with any username they choose.
[04:54:54] [Server thread/WARN]: To change this, set "online-mode" to "true" in the server.properties file.
[04:54:54] [Server thread/INFO]: Preparing level "world"
[04:54:55] [Server thread/INFO]: Preparing start region for dimension minecraft:overworld
[04:54:55] [Server thread/INFO]: Preparing spawn area: 0%
[04:54:55] [Server thread/INFO]: Time elapsed: 326 ms
[04:54:55] [Server thread/INFO]: Preparing start region for dimension minecraft:the_nether
[04:54:55] [Worker-Main-2/INFO]: Preparing spawn area: 0%
[04:54:55] [Server thread/INFO]: Time elapsed: 160 ms
[04:54:55] [Server thread/INFO]: Preparing start region for dimension minecraft:the_end
[04:54:55] [Server thread/INFO]: Preparing spawn area: 0%
[04:54:56] [Server thread/INFO]: Time elapsed: 1098 ms
[04:54:56] [Server thread/INFO]: Running delayed init tasks
[04:54:56] [Server thread/INFO]: Done (2.517s)! For help, type "help"
[04:54:56] [Server thread/WARN]: [io.papermc.paper.util.PaperJvmChecker] ************************************************************
[04:54:56] [Server thread/WARN]: [io.papermc.paper.util.PaperJvmChecker] * WARNING - YOU ARE RUNNING AN OUTDATED VERSION OF JAVA.
[04:54:56] [Server thread/WARN]: [io.papermc.paper.util.PaperJvmChecker] * PAPER WILL STOP BEING COMPATIBLE WITH THIS VERSION OF
[04:54:56] [Server thread/WARN]: [io.papermc.paper.util.PaperJvmChecker] * JAVA WHEN MINECRAFT 1.17 IS RELEASED.
[04:54:56] [Server thread/WARN]: [io.papermc.paper.util.PaperJvmChecker] *
[04:54:56] [Server thread/WARN]: [io.papermc.paper.util.PaperJvmChecker] * Please update the version of Java you use to run Paper
[04:54:56] [Server thread/WARN]: [io.papermc.paper.util.PaperJvmChecker] * to at least Java 16. When Paper for Minecraft 1.17 is
[04:54:56] [Server thread/WARN]: [io.papermc.paper.util.PaperJvmChecker] * released support for versions of Java before 16 will
[04:54:56] [Server thread/WARN]: [io.papermc.paper.util.PaperJvmChecker] * be dropped.
[04:54:56] [Server thread/WARN]: [io.papermc.paper.util.PaperJvmChecker] *
[04:54:56] [Server thread/WARN]: [io.papermc.paper.util.PaperJvmChecker] * Current Java version: 11.0.26
[04:54:56] [Server thread/WARN]: [io.papermc.paper.util.PaperJvmChecker] *
[04:54:56] [Server thread/WARN]: [io.papermc.paper.util.PaperJvmChecker] * Check this forum post for more information: 
[04:54:56] [Server thread/WARN]: [io.papermc.paper.util.PaperJvmChecker] *   https://papermc.io/java16
[04:54:56] [Server thread/WARN]: [io.papermc.paper.util.PaperJvmChecker] ************************************************************
[04:54:56] [Server thread/INFO]: Timings Reset
[04:55:06] [User Authenticator #1/INFO]: UUID of player Bluxx_rx1Q is f00306a8-e9b6-39c5-9728-f575a91d732e
[04:55:06] [Server thread/INFO]: Bluxx_rx1Q joined the game
[04:55:06] [Server thread/INFO]: Bluxx_rx1Q[/127.104.226.77:49437] logged in with entity id 83 at ([world]-164.5, 66.0, 239.5)
[04:56:00] [Server thread/INFO]: Bluxx_rx1Q issued server command: /gamemode creative
[04:56:00] [Server thread/INFO]: [Bluxx_rx1Q: Set own game mode to Creative Mode]
[04:56:12] [Server thread/INFO]: Bluxx_rx1Q issued server command: /reload
[04:56:12] [Server thread/INFO]: Bluxx_rx1Q: Are you sure you wish to reload your server? Doing so may cause bugs and memory leaks. It is recommended to restart instead of using /reload. To confirm, please type /reload confirm
[04:56:58] [Server thread/INFO]: Bluxx_rx1Q lost connection: Timed out
[04:56:58] [Server thread/INFO]: Bluxx_rx1Q left the game
